d:\курсач\курсач\cursovnowoop.cpp\x64\debug\vc141.pdb
d:\курсач\курсач\cursovnowoop.cpp\x64\debug\vc141.idb
d:\курсач\курсач\cursovnowoop.cpp\x64\debug\validation.obj
d:\курсач\курсач\cursovnowoop.cpp\x64\debug\subgroup_second .obj
d:\курсач\курсач\cursovnowoop.cpp\x64\debug\subgroup_first.obj
d:\курсач\курсач\cursovnowoop.cpp\x64\debug\students_successful_subgroup_2.obj
d:\курсач\курсач\cursovnowoop.cpp\x64\debug\students_successful_subgroup_1.obj
d:\курсач\курсач\cursovnowoop.cpp\x64\debug\students_lagging_subgroup_2.obj
d:\курсач\курсач\cursovnowoop.cpp\x64\debug\students_lagging_subgroup_1.obj
d:\курсач\курсач\cursovnowoop.cpp\x64\debug\student.obj
d:\курсач\курсач\cursovnowoop.cpp\x64\debug\core.obj
d:\курсач\курсач\cursovnowoop.cpp\x64\debug\list.obj
d:\курсач\курсач\cursovnowoop.cpp\x64\debug\console.obj
d:\курсач\курсач\cursovnowoop.cpp\x64\debug\header.obj
d:\курсач\курсач\cursovnowoop.cpp\x64\debug\admin.obj
d:\курсач\курсач\x64\debug\cursovnowoop.cpp.ilk
d:\курсач\курсач\x64\debug\cursovnowoop.cpp.exe
d:\курсач\курсач\x64\debug\cursovnowoop.cpp.pdb
d:\курсач\курсач\cursovnowoop.cpp\x64\debug\cursovnowoop.cpp.tlog\cl.command.1.tlog
d:\курсач\курсач\cursovnowoop.cpp\x64\debug\cursovnowoop.cpp.tlog\cl.read.1.tlog
d:\курсач\курсач\cursovnowoop.cpp\x64\debug\cursovnowoop.cpp.tlog\cl.write.1.tlog
d:\курсач\курсач\cursovnowoop.cpp\x64\debug\cursovnowoop.cpp.tlog\link.command.1.tlog
d:\курсач\курсач\cursovnowoop.cpp\x64\debug\cursovnowoop.cpp.tlog\link.read.1.tlog
d:\курсач\курсач\cursovnowoop.cpp\x64\debug\cursovnowoop.cpp.tlog\link.write.1.tlog
